<?xml version="1.0" encoding="UTF-8"?>
<testng-results skipped="0" failed="0" ignored="0" total="1" passed="1">
  <reporter-output>
  </reporter-output>
  <suite name="Default suite" duration-ms="114328" started-at="2019-05-03T17:20:14Z" finished-at="2019-05-03T17:22:09Z">
    <groups>
    </groups>
    <test name="Default test" duration-ms="114328" started-at="2019-05-03T17:20:14Z" finished-at="2019-05-03T17:22:09Z">
      <class name="com.edureka.testPackage.TestCaseClass">
        <test-method status="PASS" signature="beforeSuite()[pri:0, instance:com.edureka.testPackage.TestCaseClass@57fffcd7]" name="beforeSuite" is-config="true" duration-ms="25" started-at="2019-05-03T17:20:14Z" finished-at="2019-05-03T17:20:14Z">
          <reporter-output>
          </reporter-output>
        </test-method> <!-- beforeSuite -->
        <test-method status="PASS" signature="beforeClass()[pri:0, instance:com.edureka.testPackage.TestCaseClass@57fffcd7]" name="beforeClass" is-config="true" duration-ms="1" started-at="2019-05-03T17:20:14Z" finished-at="2019-05-03T17:20:14Z">
          <reporter-output>
          </reporter-output>
        </test-method> <!-- beforeClass -->
        <test-method status="PASS" signature="beforeMethodClass()[pri:0, instance:com.edureka.testPackage.TestCaseClass@57fffcd7]" name="beforeMethodClass" is-config="true" duration-ms="34421" started-at="2019-05-03T17:20:14Z" finished-at="2019-05-03T17:20:49Z">
          <reporter-output>
          </reporter-output>
        </test-method> <!-- beforeMethodClass -->
        <test-method status="PASS" signature="returnTicket()[pri:0, instance:com.edureka.testPackage.TestCaseClass@57fffcd7]" name="returnTicket" duration-ms="79876" started-at="2019-05-03T17:20:49Z" finished-at="2019-05-03T17:22:09Z">
          <reporter-output>
          </reporter-output>
        </test-method> <!-- returnTicket -->
        <test-method status="PASS" signature="close()[pri:0, instance:com.edureka.testPackage.TestCaseClass@57fffcd7]" name="close" is-config="true" duration-ms="1" started-at="2019-05-03T17:22:09Z" finished-at="2019-05-03T17:22:09Z">
          <reporter-output>
          </reporter-output>
        </test-method> <!-- close -->
        <test-method status="PASS" signature="afterClass()[pri:0, instance:com.edureka.testPackage.TestCaseClass@57fffcd7]" name="afterClass" is-config="true" duration-ms="0" started-at="2019-05-03T17:22:09Z" finished-at="2019-05-03T17:22:09Z">
          <reporter-output>
          </reporter-output>
        </test-method> <!-- afterClass -->
        <test-method status="PASS" signature="afterSuite()[pri:0, instance:com.edureka.testPackage.TestCaseClass@57fffcd7]" name="afterSuite" is-config="true" duration-ms="894" started-at="2019-05-03T17:22:09Z" finished-at="2019-05-03T17:22:10Z">
          <reporter-output>
          </reporter-output>
        </test-method> <!-- afterSuite -->
      </class> <!-- com.edureka.testPackage.TestCaseClass -->
    </test> <!-- Default test -->
  </suite> <!-- Default suite -->
</testng-results>
