<?xml version="1.0" encoding="UTF-8"?>
<testng-results skipped="0" failed="0" ignored="0" total="1" passed="1">
  <reporter-output>
  </reporter-output>
  <suite name="Default suite" duration-ms="143519" started-at="2019-05-06T15:50:05Z" finished-at="2019-05-06T15:52:28Z">
    <groups>
    </groups>
    <test name="Default test" duration-ms="143519" started-at="2019-05-06T15:50:05Z" finished-at="2019-05-06T15:52:28Z">
      <class name="Jenkins_Demo.Maven_Jenkins.HandlingAllControls">
        <test-method status="PASS" signature="EdurekaProfile()[pri:0, instance:Jenkins_Demo.Maven_Jenkins.HandlingAllControls@548e7350]" name="EdurekaProfile" duration-ms="143358" started-at="2019-05-06T15:50:05Z" finished-at="2019-05-06T15:52:28Z">
          <reporter-output>
          </reporter-output>
        </test-method> <!-- EdurekaProfile -->
      </class> <!-- Jenkins_Demo.Maven_Jenkins.HandlingAllControls -->
    </test> <!-- Default test -->
  </suite> <!-- Default suite -->
</testng-results>
